<?xml version="1.0" encoding="UTF-8"?>
<testsuite name="com.example.demo.DemoApplicationTests" tests="1" skipped="0" failures="0" errors="0" timestamp="2023-08-04T01:02:35" hostname="2021-GRAM" time="0.128">
  <properties/>
  <testcase name="contextLoads()" classname="com.example.demo.DemoApplicationTests" time="0.128"/>
  <system-out><![CDATA[10:02:30.295 [Test worker] DEBUG org.springframework.test.context.BootstrapUtils - Instantiating CacheAwareContextLoaderDelegate from class [org.springframework.test.context.cache.DefaultCacheAwareContextLoaderDelegate]
10:02:30.311 [Test worker] DEBUG org.springframework.test.context.BootstrapUtils - Instantiating BootstrapContext using constructor [public org.springframework.test.context.support.DefaultBootstrapContext(java.lang.Class,org.springframework.test.context.CacheAwareContextLoaderDelegate)]
10:02:30.347 [Test worker] DEBUG org.springframework.test.context.BootstrapUtils - Instantiating TestContextBootstrapper for test class [com.example.demo.DemoApplicationTests] from class [org.springframework.boot.test.context.SpringBootTestContextBootstrapper]
10:02:30.361 [Test worker] INFO org.springframework.boot.test.context.SpringBootTestContextBootstrapper - Neither @ContextConfiguration nor @ContextHierarchy found for test class [com.example.demo.DemoApplicationTests], using SpringBootContextLoader
10:02:30.368 [Test worker] DEBUG org.springframework.test.context.support.AbstractContextLoader - Did not detect default resource location for test class [com.example.demo.DemoApplicationTests]: class path resource [com/example/demo/DemoApplicationTests-context.xml] does not exist
10:02:30.368 [Test worker] DEBUG org.springframework.test.context.support.AbstractContextLoader - Did not detect default resource location for test class [com.example.demo.DemoApplicationTests]: class path resource [com/example/demo/DemoApplicationTestsContext.groovy] does not exist
10:02:30.369 [Test worker] INFO org.springframework.test.context.support.AbstractContextLoader - Could not detect default resource locations for test class [com.example.demo.DemoApplicationTests]: no resource found for suffixes {-context.xml, Context.groovy}.
10:02:30.370 [Test worker] INFO org.springframework.test.context.support.AnnotationConfigContextLoaderUtils - Could not detect default configuration classes for test class [com.example.demo.DemoApplicationTests]: DemoApplicationTests does not declare any static, non-private, non-final, nested classes annotated with @Configuration.
10:02:30.411 [Test worker] DEBUG org.springframework.test.context.support.ActiveProfilesUtils - Could not find an 'annotation declaring class' for annotation type [org.springframework.test.context.ActiveProfiles] and class [com.example.demo.DemoApplicationTests]
10:02:30.478 [Test worker] DEBUG org.springframework.context.annotation.ClassPathScanningCandidateComponentProvider - Identified candidate component class: file [C:\k8s_spring_web\demo\build\classes\java\main\com\example\demo\DemoApplication.class]
10:02:30.479 [Test worker] INFO org.springframework.boot.test.context.SpringBootTestContextBootstrapper - Found @SpringBootConfiguration com.example.demo.DemoApplication for test class com.example.demo.DemoApplicationTests
10:02:30.595 [Test worker] DEBUG org.springframework.boot.test.context.SpringBootTestContextBootstrapper - @TestExecutionListeners is not present for class [com.example.demo.DemoApplicationTests]: using defaults.
10:02:30.595 [Test worker] INFO org.springframework.boot.test.context.SpringBootTestContextBootstrapper - Loaded default TestExecutionListener class names from location [META-INF/spring.factories]: [org.springframework.boot.test.autoconfigure.restdocs.RestDocsTestExecutionListener, org.springframework.boot.test.autoconfigure.web.client.MockRestServiceServerResetTestExecutionListener, org.springframework.boot.test.autoconfigure.web.servlet.MockMvcPrintOnlyOnFailureTestExecutionListener, org.springframework.boot.test.autoconfigure.web.servlet.WebDriverTestExecutionListener, org.springframework.boot.test.autoconfigure.webservices.client.MockWebServiceServerTestExecutionListener, org.springframework.boot.test.mock.mockito.MockitoTestExecutionListener, org.springframework.boot.test.mock.mockito.ResetMocksTestExecutionListener, org.springframework.test.context.web.ServletTestExecutionListener, org.springframework.test.context.support.DirtiesContextBeforeModesTestExecutionListener, org.springframework.test.context.event.ApplicationEventsTestExecutionListener, org.springframework.test.context.support.DependencyInjectionTestExecutionListener, org.springframework.test.context.support.DirtiesContextTestExecutionListener, org.springframework.test.context.transaction.TransactionalTestExecutionListener, org.springframework.test.context.jdbc.SqlScriptsTestExecutionListener, org.springframework.test.context.event.EventPublishingTestExecutionListener]
10:02:30.611 [Test worker] INFO org.springframework.boot.test.context.SpringBootTestContextBootstrapper - Using TestExecutionListeners: [org.springframework.test.context.web.ServletTestExecutionListener@29d2d081, org.springframework.test.context.support.DirtiesContextBeforeModesTestExecutionListener@40e4ea87, org.springframework.test.context.event.ApplicationEventsTestExecutionListener@58783f6c, org.springframework.boot.test.mock.mockito.MockitoTestExecutionListener@3a7b503d, org.springframework.boot.test.autoconfigure.SpringBootDependencyInjectionTestExecutionListener@512d92b, org.springframework.test.context.support.DirtiesContextTestExecutionListener@62c5bbdc, org.springframework.test.context.transaction.TransactionalTestExecutionListener@7bdf6bb7, org.springframework.test.context.jdbc.SqlScriptsTestExecutionListener@1bc53649, org.springframework.test.context.event.EventPublishingTestExecutionListener@88d6f9b, org.springframework.boot.test.autoconfigure.restdocs.RestDocsTestExecutionListener@47d93e0d, org.springframework.boot.test.autoconfigure.web.client.MockRestServiceServerResetTestExecutionListener@475b7792, org.springframework.boot.test.autoconfigure.web.servlet.MockMvcPrintOnlyOnFailureTestExecutionListener@751e664e, org.springframework.boot.test.autoconfigure.web.servlet.WebDriverTestExecutionListener@160c3ec1, org.springframework.boot.test.autoconfigure.webservices.client.MockWebServiceServerTestExecutionListener@182b435b, org.springframework.boot.test.mock.mockito.ResetMocksTestExecutionListener@4d0402b]
10:02:30.615 [Test worker] DEBUG org.springframework.test.context.support.AbstractDirtiesContextTestExecutionListener - Before test class: context [DefaultTestContext@74d7184a testClass = DemoApplicationTests, testInstance = [null], testMethod = [null], testException = [null], mergedContextConfiguration = [WebMergedContextConfiguration@51b01960 testClass = DemoApplicationTests, locations = '{}', classes = '{class com.example.demo.DemoApplication}', contextInitializerClasses = '[]', activeProfiles = '{}', propertySourceLocations = '{}', propertySourceProperties = '{org.springframework.boot.test.context.SpringBootTestContextBootstrapper=true}', contextCustomizers = set[org.springframework.boot.test.autoconfigure.actuate.metrics.MetricsExportContextCustomizerFactory$DisableMetricExportContextCustomizer@52045dbe, org.springframework.boot.test.autoconfigure.properties.PropertyMappingContextCustomizer@0, org.springframework.boot.test.autoconfigure.web.servlet.WebDriverContextCustomizerFactory$Customizer@45efc20d, org.springframework.boot.test.context.filter.ExcludeFilterContextCustomizer@2a3c96e3, org.springframework.boot.test.json.DuplicateJsonObjectContextCustomizerFactory$DuplicateJsonObjectContextCustomizer@a776e, org.springframework.boot.test.mock.mockito.MockitoContextCustomizer@0, org.springframework.boot.test.web.client.TestRestTemplateContextCustomizer@60d1a32f, org.springframework.boot.test.context.SpringBootTestArgs@1, org.springframework.boot.test.context.SpringBootTestWebEnvironment@4bbf6d0e], resourceBasePath = 'src/main/webapp', contextLoader = 'org.springframework.boot.test.context.SpringBootContextLoader', parent = [null]], attributes = map['org.springframework.test.context.web.ServletTestExecutionListener.activateListener' -> true]], class annotated with @DirtiesContext [false] with mode [null].

  .   ____          _            __ _ _
 /\\ / ___'_ __ _ _(_)_ __  __ _ \ \ \ \
( ( )\___ | '_ | '_| | '_ \/ _` | \ \ \ \
 \\/  ___)| |_)| | | | | || (_| |  ) ) ) )
  '  |____| .__|_| |_|_| |_\__, | / / / /
 =========|_|==============|___/=/_/_/_/
 :: Spring Boot ::               (v2.7.14)

2023-08-04 10:02:30.976  INFO 7372 --- [    Test worker] com.example.demo.DemoApplicationTests    : Starting DemoApplicationTests using Java 11.0.11 on 2021-gram with PID 7372 (started by 서주형 in C:\k8s_spring_web\demo)
2023-08-04 10:02:30.978  INFO 7372 --- [    Test worker] com.example.demo.DemoApplicationTests    : No active profile set, falling back to 1 default profile: "default"
2023-08-04 10:02:31.715  INFO 7372 --- [    Test worker] .s.d.r.c.RepositoryConfigurationDelegate : Bootstrapping Spring Data JPA repositories in DEFAULT mode.
2023-08-04 10:02:31.770  INFO 7372 --- [    Test worker] .s.d.r.c.RepositoryConfigurationDelegate : Finished Spring Data repository scanning in 48 ms. Found 1 JPA repository interfaces.
2023-08-04 10:02:32.364  INFO 7372 --- [    Test worker] com.zaxxer.hikari.HikariDataSource       : HikariPool-1 - Starting...
2023-08-04 10:02:32.753  INFO 7372 --- [    Test worker] com.zaxxer.hikari.HikariDataSource       : HikariPool-1 - Start completed.
2023-08-04 10:02:32.817  INFO 7372 --- [    Test worker] o.hibernate.jpa.internal.util.LogHelper  : HHH000204: Processing PersistenceUnitInfo [name: default]
2023-08-04 10:02:32.885  INFO 7372 --- [    Test worker] org.hibernate.Version                    : HHH000412: Hibernate ORM core version 5.6.15.Final
2023-08-04 10:02:33.123  INFO 7372 --- [    Test worker] o.hibernate.annotations.common.Version   : HCANN000001: Hibernate Commons Annotations {5.1.2.Final}
2023-08-04 10:02:33.271  INFO 7372 --- [    Test worker] org.hibernate.dialect.Dialect            : HHH000400: Using dialect: org.hibernate.dialect.MySQL8Dialect
2023-08-04 10:02:34.036  INFO 7372 --- [    Test worker] o.h.e.t.j.p.i.JtaPlatformInitiator       : HHH000490: Using JtaPlatform implementation: [org.hibernate.engine.transaction.jta.platform.internal.NoJtaPlatform]
2023-08-04 10:02:34.053  INFO 7372 --- [    Test worker] j.LocalContainerEntityManagerFactoryBean : Initialized JPA EntityManagerFactory for persistence unit 'default'
2023-08-04 10:02:34.658  WARN 7372 --- [    Test worker] JpaBaseConfiguration$JpaWebConfiguration : spring.jpa.open-in-view is enabled by default. Therefore, database queries may be performed during view rendering. Explicitly configure spring.jpa.open-in-view to disable this warning
2023-08-04 10:02:35.409  INFO 7372 --- [    Test worker] com.example.demo.DemoApplicationTests    : Started DemoApplicationTests in 4.759 seconds (JVM running for 6.797)
]]></system-out>
  <system-err><![CDATA[]]></system-err>
</testsuite>
